0 verbose cli C:\Program Files\nodejs\node.exe C:\Program Files\nodejs\node_modules\npm\bin\npm-cli.js
1 info using npm@10.5.0
2 info using node@v20.12.2
3 timing npm:load:whichnode Completed in 4ms
4 timing config:load:defaults Completed in 3ms
5 timing config:load:file:C:\Program Files\nodejs\node_modules\npm\npmrc Completed in 4ms
6 timing config:load:builtin Completed in 4ms
7 timing config:load:cli Completed in 2ms
8 timing config:load:env Completed in 0ms
9 timing config:load:file:C:\Users\hp\Desktop\React\nextjs2\.npmrc Completed in 0ms
10 timing config:load:project Completed in 4ms
11 timing config:load:file:C:\Users\hp\.npmrc Completed in 0ms
12 timing config:load:user Completed in 0ms
13 timing config:load:file:C:\Users\hp\Desktop\React\nextjs2\C\etc\npmrc Completed in 0ms
14 timing config:load:global Completed in 0ms
15 timing config:load:setEnvs Completed in 1ms
16 timing config:load Completed in 15ms
17 timing npm:load:configload Completed in 15ms
18 timing config:load:flatten Completed in 2ms
19 timing npm:load:mkdirpcache Completed in 1ms
20 timing npm:load:mkdirplogs Completed in 0ms
21 verbose title npm install mongodb
22 verbose argv "install" "mongodb"
23 timing npm:load:setTitle Completed in 0ms
24 timing npm:load:display Completed in 1ms
25 verbose logfile logs-max:10 dir:C:\Users\hp\Desktop\React\nextjs2\C\_logs\2024-09-08T11_54_55_205Z-
26 verbose logfile C:\Users\hp\Desktop\React\nextjs2\C\_logs\2024-09-08T11_54_55_205Z-debug-0.log
27 timing npm:load:logFile Completed in 13ms
28 timing npm:load:timers Completed in 0ms
29 timing npm:load:configScope Completed in 0ms
30 timing npm:load Completed in 55ms
31 timing arborist:ctor Completed in 1ms
32 silly logfile done cleaning log files
33 timing idealTree:init Completed in 26ms
34 timing idealTree:userRequests Completed in 1ms
35 silly idealTree buildDeps
36 silly fetch manifest mongodb@*
37 timing arborist:ctor Completed in 1ms
38 http fetch GET 200 https://registry.npmjs.org/mongodb 215ms (cache miss)
39 silly fetch manifest @aws-sdk/credential-providers@^3.188.0
40 http fetch GET 200 https://registry.npmjs.org/@aws-sdk%2fcredential-providers 93ms (cache miss)
41 silly fetch manifest @mongodb-js/zstd@^1.1.0
42 http fetch GET 200 https://registry.npmjs.org/@mongodb-js%2fzstd 85ms (cache miss)
43 silly fetch manifest gcp-metadata@^5.2.0
44 http fetch GET 200 https://registry.npmjs.org/gcp-metadata 49ms (cache miss)
45 silly fetch manifest kerberos@^2.0.1
46 http fetch GET 200 https://registry.npmjs.org/kerberos 46ms (cache miss)
47 silly fetch manifest mongodb-client-encryption@>=6.0.0 <7
48 http fetch GET 200 https://registry.npmjs.org/mongodb-client-encryption 55ms (cache miss)
49 silly fetch manifest snappy@^7.2.2
50 http fetch GET 200 https://registry.npmjs.org/snappy 44ms (cache miss)
51 silly fetch manifest socks@^2.7.1
52 http fetch GET 200 https://registry.npmjs.org/socks 43ms (cache miss)
53 silly placeDep ROOT mongodb@6.8.1 OK for: fo@0.1.0 want: *
54 silly fetch manifest bson@^6.7.0
55 silly fetch manifest @mongodb-js/saslprep@^1.1.5
56 silly fetch manifest mongodb-connection-string-url@^3.0.0
57 http fetch GET 200 https://registry.npmjs.org/bson 62ms (cache miss)
58 http fetch GET 200 https://registry.npmjs.org/mongodb-connection-string-url 90ms (cache miss)
59 http fetch GET 200 https://registry.npmjs.org/@mongodb-js%2fsaslprep 105ms (cache miss)
60 timing idealTree:#root Completed in 795ms
61 silly placeDep ROOT @mongodb-js/saslprep@1.1.9 OK for: mongodb@6.8.1 want: ^1.1.5
62 silly placeDep ROOT bson@6.8.0 OK for: mongodb@6.8.1 want: ^6.7.0
63 silly placeDep ROOT mongodb-connection-string-url@3.0.1 OK for: mongodb@6.8.1 want: ^3.0.0
64 silly fetch manifest sparse-bitfield@^3.0.3
65 silly fetch manifest whatwg-url@^13.0.0
66 silly fetch manifest @types/whatwg-url@^11.0.2
67 http fetch GET 200 https://registry.npmjs.org/sparse-bitfield 41ms (cache miss)
68 http fetch GET 200 https://registry.npmjs.org/whatwg-url 43ms (cache miss)
69 http fetch GET 200 https://registry.npmjs.org/@types%2fwhatwg-url 57ms (cache miss)
70 timing idealTree:node_modules/mongodb Completed in 64ms
71 silly placeDep ROOT sparse-bitfield@3.0.3 OK for: @mongodb-js/saslprep@1.1.9 want: ^3.0.3
72 silly fetch manifest memory-pager@^1.0.2
73 http fetch GET 200 https://registry.npmjs.org/memory-pager 37ms (cache miss)
74 timing idealTree:node_modules/@mongodb-js/saslprep Completed in 40ms
75 timing idealTree:node_modules/bson Completed in 0ms
76 silly placeDep ROOT @types/whatwg-url@11.0.5 OK for: mongodb-connection-string-url@3.0.1 want: ^11.0.2
77 silly placeDep ROOT whatwg-url@13.0.0 OK for: mongodb-connection-string-url@3.0.1 want: ^13.0.0
78 silly fetch manifest @types/webidl-conversions@*
79 silly fetch manifest tr46@^4.1.1
80 silly fetch manifest webidl-conversions@^7.0.0
81 http fetch GET 200 https://registry.npmjs.org/webidl-conversions 42ms (cache miss)
82 http fetch GET 200 https://registry.npmjs.org/@types%2fwebidl-conversions 46ms (cache miss)
83 http fetch GET 200 https://registry.npmjs.org/tr46 47ms (cache miss)
84 timing idealTree:node_modules/mongodb-connection-string-url Completed in 51ms
85 silly placeDep ROOT @types/webidl-conversions@7.0.3 OK for: @types/whatwg-url@11.0.5 want: *
86 timing idealTree:node_modules/@types/whatwg-url Completed in 1ms
87 timing idealTree:node_modules/@types/webidl-conversions Completed in 0ms
88 silly placeDep ROOT memory-pager@1.5.0 OK for: sparse-bitfield@3.0.3 want: ^1.0.2
89 timing idealTree:node_modules/sparse-bitfield Completed in 1ms
90 timing idealTree:node_modules/memory-pager Completed in 0ms
91 silly placeDep ROOT tr46@4.1.1 OK for: whatwg-url@13.0.0 want: ^4.1.1
92 silly placeDep ROOT webidl-conversions@7.0.0 OK for: whatwg-url@13.0.0 want: ^7.0.0
93 silly fetch manifest punycode@^2.3.0
94 http fetch GET 200 https://registry.npmjs.org/punycode 35ms (cache miss)
95 timing idealTree:node_modules/whatwg-url Completed in 39ms
96 silly placeDep ROOT punycode@2.3.1 OK for: tr46@4.1.1 want: ^2.3.0
97 timing idealTree:node_modules/tr46 Completed in 1ms
98 timing idealTree:node_modules/punycode Completed in 0ms
99 timing idealTree:node_modules/webidl-conversions Completed in 0ms
100 timing idealTree:buildDeps Completed in 994ms
101 timing idealTree:fixDepFlags Completed in 0ms
102 timing idealTree Completed in 1023ms
103 timing reify:loadTrees Completed in 1024ms
104 timing reify:diffTrees Completed in 5ms
105 silly reify moves {}
106 timing reify:retireShallow Completed in 3ms
107 timing reify:createSparse Completed in 7ms
108 timing reify:loadBundles Completed in 0ms
109 silly audit bulk request {
109 silly audit   '@next/env': [ '14.2.8' ],
109 silly audit   '@next/swc-darwin-arm64': [ '14.2.8' ],
109 silly audit   '@next/swc-darwin-x64': [ '14.2.8' ],
109 silly audit   '@next/swc-linux-arm64-gnu': [ '14.2.8' ],
109 silly audit   '@next/swc-linux-arm64-musl': [ '14.2.8' ],
109 silly audit   '@next/swc-linux-x64-gnu': [ '14.2.8' ],
109 silly audit   '@next/swc-linux-x64-musl': [ '14.2.8' ],
109 silly audit   '@next/swc-win32-arm64-msvc': [ '14.2.8' ],
109 silly audit   '@next/swc-win32-ia32-msvc': [ '14.2.8' ],
109 silly audit   '@next/swc-win32-x64-msvc': [ '14.2.8' ],
109 silly audit   '@swc/counter': [ '0.1.3' ],
109 silly audit   '@swc/helpers': [ '0.5.5' ],
109 silly audit   busboy: [ '1.6.0' ],
109 silly audit   'caniuse-lite': [ '1.0.30001657' ],
109 silly audit   'client-only': [ '0.0.1' ],
109 silly audit   'graceful-fs': [ '4.2.11' ],
109 silly audit   'js-tokens': [ '4.0.0' ],
109 silly audit   'loose-envify': [ '1.4.0' ],
109 silly audit   nanoid: [ '3.3.7' ],
109 silly audit   next: [ '14.2.8' ],
109 silly audit   picocolors: [ '1.1.0' ],
109 silly audit   postcss: [ '8.4.31' ],
109 silly audit   react: [ '18.3.1' ],
109 silly audit   'react-dom': [ '18.3.1' ],
109 silly audit   scheduler: [ '0.23.2' ],
109 silly audit   'source-map-js': [ '1.2.0' ],
109 silly audit   streamsearch: [ '1.1.0' ],
109 silly audit   'styled-jsx': [ '5.1.1' ],
109 silly audit   tslib: [ '2.7.0' ],
109 silly audit   mongodb: [ '6.8.1' ],
109 silly audit   '@mongodb-js/saslprep': [ '1.1.9' ],
109 silly audit   bson: [ '6.8.0' ],
109 silly audit   'mongodb-connection-string-url': [ '3.0.1' ],
109 silly audit   'sparse-bitfield': [ '3.0.3' ],
109 silly audit   '@types/whatwg-url': [ '11.0.5' ],
109 silly audit   'whatwg-url': [ '13.0.0' ],
109 silly audit   '@types/webidl-conversions': [ '7.0.3' ],
109 silly audit   'memory-pager': [ '1.5.0' ],
109 silly audit   tr46: [ '4.1.1' ],
109 silly audit   'webidl-conversions': [ '7.0.0' ],
109 silly audit   punycode: [ '2.3.1' ]
109 silly audit }
110 verbose reify failed optional dependency C:\Users\hp\Desktop\React\nextjs2\node_modules\@next\swc-win32-ia32-msvc
111 silly reify mark deleted [
111 silly reify   'C:\\Users\\hp\\Desktop\\React\\nextjs2\\node_modules\\@next\\swc-win32-ia32-msvc'
111 silly reify ]
112 verbose reify failed optional dependency C:\Users\hp\Desktop\React\nextjs2\node_modules\@next\swc-win32-arm64-msvc
113 silly reify mark deleted [
113 silly reify   'C:\\Users\\hp\\Desktop\\React\\nextjs2\\node_modules\\@next\\swc-win32-arm64-msvc'
113 silly reify ]
114 verbose reify failed optional dependency C:\Users\hp\Desktop\React\nextjs2\node_modules\@next\swc-linux-x64-musl
115 silly reify mark deleted [
115 silly reify   'C:\\Users\\hp\\Desktop\\React\\nextjs2\\node_modules\\@next\\swc-linux-x64-musl'
115 silly reify ]
116 verbose reify failed optional dependency C:\Users\hp\Desktop\React\nextjs2\node_modules\@next\swc-linux-x64-gnu
117 silly reify mark deleted [
117 silly reify   'C:\\Users\\hp\\Desktop\\React\\nextjs2\\node_modules\\@next\\swc-linux-x64-gnu'
117 silly reify ]
118 verbose reify failed optional dependency C:\Users\hp\Desktop\React\nextjs2\node_modules\@next\swc-linux-arm64-musl
119 silly reify mark deleted [
119 silly reify   'C:\\Users\\hp\\Desktop\\React\\nextjs2\\node_modules\\@next\\swc-linux-arm64-musl'
119 silly reify ]
120 verbose reify failed optional dependency C:\Users\hp\Desktop\React\nextjs2\node_modules\@next\swc-linux-arm64-gnu
121 silly reify mark deleted [
121 silly reify   'C:\\Users\\hp\\Desktop\\React\\nextjs2\\node_modules\\@next\\swc-linux-arm64-gnu'
121 silly reify ]
122 verbose reify failed optional dependency C:\Users\hp\Desktop\React\nextjs2\node_modules\@next\swc-darwin-x64
123 silly reify mark deleted [
123 silly reify   'C:\\Users\\hp\\Desktop\\React\\nextjs2\\node_modules\\@next\\swc-darwin-x64'
123 silly reify ]
124 verbose reify failed optional dependency C:\Users\hp\Desktop\React\nextjs2\node_modules\@next\swc-darwin-arm64
125 silly reify mark deleted [
125 silly reify   'C:\\Users\\hp\\Desktop\\React\\nextjs2\\node_modules\\@next\\swc-darwin-arm64'
125 silly reify ]
126 timing reifyNode:node_modules/@next/swc-win32-ia32-msvc Completed in 11ms
127 timing reifyNode:node_modules/@next/swc-win32-arm64-msvc Completed in 11ms
128 timing reifyNode:node_modules/@next/swc-linux-x64-musl Completed in 11ms
129 timing reifyNode:node_modules/@next/swc-linux-x64-gnu Completed in 11ms
130 timing reifyNode:node_modules/@next/swc-linux-arm64-musl Completed in 11ms
131 timing reifyNode:node_modules/@next/swc-linux-arm64-gnu Completed in 11ms
132 timing reifyNode:node_modules/@next/swc-darwin-x64 Completed in 11ms
133 timing reifyNode:node_modules/@next/swc-darwin-arm64 Completed in 10ms
134 silly tarball no local data for @types/webidl-conversions@https://registry.npmjs.org/@types/webidl-conversions/-/webidl-conversions-7.0.3.tgz. Extracting by manifest.
135 silly tarball no local data for tr46@https://registry.npmjs.org/tr46/-/tr46-4.1.1.tgz. Extracting by manifest.
136 silly tarball no local data for webidl-conversions@https://registry.npmjs.org/webidl-conversions/-/webidl-conversions-7.0.0.tgz. Extracting by manifest.
137 silly tarball no local data for punycode@https://registry.npmjs.org/punycode/-/punycode-2.3.1.tgz. Extracting by manifest.
138 silly tarball no local data for whatwg-url@https://registry.npmjs.org/whatwg-url/-/whatwg-url-13.0.0.tgz. Extracting by manifest.
139 silly tarball no local data for memory-pager@https://registry.npmjs.org/memory-pager/-/memory-pager-1.5.0.tgz. Extracting by manifest.
140 silly tarball no local data for sparse-bitfield@https://registry.npmjs.org/sparse-bitfield/-/sparse-bitfield-3.0.3.tgz. Extracting by manifest.
141 silly tarball no local data for @types/whatwg-url@https://registry.npmjs.org/@types/whatwg-url/-/whatwg-url-11.0.5.tgz. Extracting by manifest.
142 silly tarball no local data for mongodb-connection-string-url@https://registry.npmjs.org/mongodb-connection-string-url/-/mongodb-connection-string-url-3.0.1.tgz. Extracting by manifest.
143 silly tarball no local data for bson@https://registry.npmjs.org/bson/-/bson-6.8.0.tgz. Extracting by manifest.
144 silly tarball no local data for @mongodb-js/saslprep@https://registry.npmjs.org/@mongodb-js/saslprep/-/saslprep-1.1.9.tgz. Extracting by manifest.
145 silly tarball no local data for mongodb@https://registry.npmjs.org/mongodb/-/mongodb-6.8.1.tgz. Extracting by manifest.
146 http fetch GET 200 https://registry.npmjs.org/@types/webidl-conversions/-/webidl-conversions-7.0.3.tgz 132ms (cache miss)
147 timing reifyNode:node_modules/@types/webidl-conversions Completed in 153ms
148 http fetch GET 200 https://registry.npmjs.org/tr46/-/tr46-4.1.1.tgz 178ms (cache miss)
149 http fetch GET 200 https://registry.npmjs.org/punycode/-/punycode-2.3.1.tgz 181ms (cache miss)
150 timing reifyNode:node_modules/punycode Completed in 205ms
151 timing reifyNode:node_modules/tr46 Completed in 206ms
152 http fetch GET 200 https://registry.npmjs.org/webidl-conversions/-/webidl-conversions-7.0.0.tgz 186ms (cache miss)
153 http fetch GET 200 https://registry.npmjs.org/memory-pager/-/memory-pager-1.5.0.tgz 182ms (cache miss)
154 timing reifyNode:node_modules/webidl-conversions Completed in 211ms
155 timing reifyNode:node_modules/memory-pager Completed in 211ms
156 http fetch GET 200 https://registry.npmjs.org/sparse-bitfield/-/sparse-bitfield-3.0.3.tgz 185ms (cache miss)
157 timing reifyNode:node_modules/sparse-bitfield Completed in 214ms
158 http fetch GET 200 https://registry.npmjs.org/mongodb-connection-string-url/-/mongodb-connection-string-url-3.0.1.tgz 221ms (cache miss)
159 timing reifyNode:node_modules/mongodb-connection-string-url Completed in 254ms
160 http fetch POST 200 https://registry.npmjs.org/-/npm/v1/security/advisories/bulk 268ms
161 timing auditReport:getReport Completed in 273ms
162 silly audit report {}
163 timing auditReport:init Completed in 1ms
164 timing reify:audit Completed in 275ms
165 http fetch GET 200 https://registry.npmjs.org/@types/whatwg-url/-/whatwg-url-11.0.5.tgz 246ms (cache miss)
166 timing reifyNode:node_modules/@types/whatwg-url Completed in 279ms
167 http fetch GET 200 https://registry.npmjs.org/whatwg-url/-/whatwg-url-13.0.0.tgz 261ms (cache miss)
168 timing reifyNode:node_modules/whatwg-url Completed in 286ms
169 http fetch GET 200 https://registry.npmjs.org/@mongodb-js/saslprep/-/saslprep-1.1.9.tgz 311ms (cache miss)
170 timing reifyNode:node_modules/@mongodb-js/saslprep Completed in 345ms
171 http fetch GET 200 https://registry.npmjs.org/bson/-/bson-6.8.0.tgz 418ms (cache miss)
172 timing reifyNode:node_modules/bson Completed in 452ms
173 http fetch GET 200 https://registry.npmjs.org/mongodb/-/mongodb-6.8.1.tgz 1027ms (cache miss)
174 timing reifyNode:node_modules/mongodb Completed in 1063ms
175 timing reify:unpack Completed in 1066ms
176 timing reify:unretire Completed in 0ms
177 timing build:queue Completed in 1ms
178 timing build:deps Completed in 1ms
179 timing build Completed in 1ms
180 timing reify:build Completed in 1ms
181 timing reify:trash Completed in 1ms
182 timing reify:save Completed in 17ms
183 timing reify Completed in 2149ms
184 silly ADD node_modules/punycode
185 silly ADD node_modules/webidl-conversions
186 silly ADD node_modules/tr46
187 silly ADD node_modules/memory-pager
188 silly ADD node_modules/@types/webidl-conversions
189 silly ADD node_modules/whatwg-url
190 silly ADD node_modules/@types/whatwg-url
191 silly ADD node_modules/sparse-bitfield
192 silly ADD node_modules/mongodb-connection-string-url
193 silly ADD node_modules/bson
194 silly ADD node_modules/@mongodb-js/saslprep
195 silly ADD node_modules/mongodb
196 silly ADD
197 silly ADD
198 silly ADD
199 silly ADD
200 silly ADD
201 silly ADD
202 silly ADD
203 silly ADD
204 timing command:install Completed in 2155ms
205 verbose exit 0
206 timing npm Completed in 2823ms
207 info ok
